[01m[K/home/nicolas/catkin_ws/src/offboard_node/src/offb_node.cpp:17:1:[m[K [01;31m[Kerror: [m[K‘[01m[KNavSatFix[m[K’ does not name a type
   17 | [01;31m[KNavSatFix[m[K current_position;
      | [01;31m[K^~~~~~~~~[m[K
[01m[K/home/nicolas/catkin_ws/src/offboard_node/src/offb_node.cpp:19:24:[m[K [01;31m[Kerror: [m[K‘[01m[KNavSatFix[m[K’ does not name a type
   19 | void position_cb(const [01;31m[KNavSatFix[m[K::ConstPtr& msg){
      |                        [01;31m[K^~~~~~~~~[m[K
[01m[K/home/nicolas/catkin_ws/src/offboard_node/src/offb_node.cpp:19:43:[m[K [01;31m[Kerror: [m[Kexpected unqualified-id before ‘[01m[K&[m[K’ token
   19 | void position_cb(const NavSatFix::ConstPtr[01;31m[K&[m[K msg){
      |                                           [01;31m[K^[m[K
[01m[K/home/nicolas/catkin_ws/src/offboard_node/src/offb_node.cpp:19:43:[m[K [01;31m[Kerror: [m[Kexpected ‘[01m[K)[m[K’ before ‘[01m[K&[m[K’ token
   19 | void position_cb[34m[K([m[Kconst NavSatFix::ConstPtr[01;31m[K&[m[K msg){
      |                 [34m[K~[m[K                         [01;31m[K^[m[K
      |                                           [32m[K)[m[K
[01m[K/home/nicolas/catkin_ws/src/offboard_node/src/offb_node.cpp:19:45:[m[K [01;31m[Kerror: [m[Kexpected initializer before ‘[01m[Kmsg[m[K’
   19 | void position_cb(const NavSatFix::ConstPtr& [01;31m[Kmsg[m[K){
      |                                             [01;31m[K^~~[m[K
[01m[K/home/nicolas/catkin_ws/src/offboard_node/src/offb_node.cpp:[m[K In function ‘[01m[Kint main(int, char**)[m[K’:
[01m[K/home/nicolas/catkin_ws/src/offboard_node/src/offb_node.cpp:29:45:[m[K [01;31m[Kerror: [m[K‘[01m[Kposition_cb[m[K’ was not declared in this scope; did you mean ‘[01m[Kposition_sub[m[K’?
   29 |         ("mavros/global_position/global",10,[01;31m[Kposition_cb[m[K);
      |                                             [01;31m[K^~~~~~~~~~~[m[K
      |                                             [32m[Kposition_sub[m[K
make[2]: *** [CMakeFiles/offboard_node_node.dir/build.make:63 : CMakeFiles/offboard_node_node.dir/src/offb_node.cpp.o] Erreur 1
make[1]: *** [CMakeFiles/Makefile2:180 : CMakeFiles/offboard_node_node.dir/all] Erreur 2
make: *** [Makefile:141 : all] Erreur 2
